<?xml version="1.0" encoding="UTF-8"?>
<beans xmlns="http://www.springframework.org/schema/beans"
       xmlns:xsi="http://www.w3.org/2001/XMLSchema-instance" xmlns:tx="http://www.alibaba.com/schema/stat"
       xsi:schemaLocation="http://www.springframework.org/schema/beans http://www.springframework.org/schema/beans/spring-beans.xsd http://www.alibaba.com/schema/stat http://www.alibaba.com/schema/stat.xsd">

    <bean id="test_datasource" class="com.alibaba.druid.pool.DruidDataSource">
        <property name="url" value="jdbc:mysql://192.168.1.1:3306/test?useUnicode=true&amp;characterEncoding=UTF-8" />
        <property name="username" value="root" />
        <property name="password" value="111111" />
    </bean>
    <bean id="testJdbcTemplate" class="org.springframework.jdbc.core.JdbcTemplate">
        <constructor-arg name="dataSource" ref="test_datasource" />
    </bean>
    <bean id="test_transactionManager" class="org.springframework.jdbc.datasource.DataSourceTransactionManager">
        <property name="dataSource" ref="test_datasource"/>
    </bean>
    <!--<tx:annotation-driven transaction-manager="test_transactionManager"/>-->
</beans>